nohup: Rscrript: No such file or directory
── Attaching packages ─────────────────────────────────────── tidyverse 1.2.1 ──
✔ ggplot2 3.1.1       ✔ purrr   0.3.2  
✔ tibble  2.1.1       ✔ dplyr   0.8.0.1
✔ tidyr   0.8.3       ✔ stringr 1.4.0  
✔ readr   1.3.1       ✔ forcats 0.3.0  
── Conflicts ────────────────────────────────────────── tidyverse_conflicts() ──
✖ dplyr::filter()     masks stats::filter()
✖ dplyr::group_rows() masks kableExtra::group_rows()
✖ dplyr::lag()        masks stats::lag()
Loading required package: lme4
Loading required package: Matrix

Attaching package: ‘Matrix’

The following object is masked from ‘package:tidyr’:

    expand


Attaching package: ‘lmerTest’

The following object is masked from ‘package:lme4’:

    lmer

The following object is masked from ‘package:stats’:

    step

Loading required package: Rcpp
Loading 'brms' package (version 2.7.0). Useful instructions
can be found by typing help('brms'). A more detailed introduction
to the package is available through vignette('brms_overview').
Run theme_set(theme_default()) to use the default bayesplot theme.

Attaching package: ‘brms’

The following object is masked from ‘package:lme4’:

    ngrps

Loading required package: carData
lattice theme set by effectsTheme()
See ?effectsTheme for details.
corrplot 0.84 loaded

Attaching package: ‘psycho’

The following object is masked from ‘package:lme4’:

    golden


Attaching package: ‘gridExtra’

The following object is masked from ‘package:dplyr’:

    combine

Loading required package: lattice
Loading required package: survival

Attaching package: ‘survival’

The following object is masked from ‘package:brms’:

    kidney

Loading required package: Formula

Attaching package: ‘Hmisc’

The following objects are masked from ‘package:dplyr’:

    src, summarize

The following objects are masked from ‘package:base’:

    format.pval, units


Attaching package: ‘psych’

The following object is masked from ‘package:Hmisc’:

    describe

The following object is masked from ‘package:brms’:

    cs

The following objects are masked from ‘package:ggplot2’:

    %+%, alpha

Loading required package: grid

Attaching package: ‘broman’

The following object is masked from ‘package:Hmisc’:

    %nin%

The following object is masked from ‘package:lattice’:

    dotplot

The following object is masked from ‘package:purrr’:

    done


Attaching package: ‘cowplot’

The following object is masked from ‘package:ggplot2’:

    ggsave


Attaching package: ‘boot’

The following object is masked from ‘package:psych’:

    logit

The following object is masked from ‘package:survival’:

    aml

The following object is masked from ‘package:lattice’:

    melanoma

This is lavaan 0.6-3
lavaan is BETA software! Please report any bugs.

Attaching package: ‘lavaan’

The following object is masked from ‘package:psych’:

    cor2cov

Warning message:
replacing previous import ‘loo::kfold’ by ‘rstanarm::kfold’ when loading ‘psycho’ 
Compiling the C++ model
Start sampling

SAMPLING FOR MODEL '0dfa0fb8b9e13cb814116bb81cf6594a' NOW (CHAIN 1).
Chain 1: 
Chain 1: Gradient evaluation took 0.001377 seconds
Chain 1: 1000 transitions using 10 leapfrog steps per transition would take 13.77 seconds.
Chain 1: Adjust your expectations accordingly!
Chain 1: 
Chain 1: 
Chain 1: Iteration:    1 / 2000 [  0%]  (Warmup)
Chain 1: Iteration:  200 / 2000 [ 10%]  (Warmup)
Chain 1: Iteration:  400 / 2000 [ 20%]  (Warmup)
Chain 1: Iteration:  600 / 2000 [ 30%]  (Warmup)
Chain 1: Iteration:  800 / 2000 [ 40%]  (Warmup)
Chain 1: Iteration: 1000 / 2000 [ 50%]  (Warmup)
Chain 1: Iteration: 1001 / 2000 [ 50%]  (Sampling)
Chain 1: Iteration: 1200 / 2000 [ 60%]  (Sampling)
Chain 1: Iteration: 1400 / 2000 [ 70%]  (Sampling)
Chain 1: Iteration: 1600 / 2000 [ 80%]  (Sampling)
Chain 1: Iteration: 1800 / 2000 [ 90%]  (Sampling)
Chain 1: Iteration: 2000 / 2000 [100%]  (Sampling)
Chain 1: 
Chain 1:  Elapsed Time: 51.3868 seconds (Warm-up)
Chain 1:                16.5568 seconds (Sampling)
Chain 1:                67.9436 seconds (Total)
Chain 1: 
Warning message:
Rows containing NAs were excluded from the model. 
Compiling the C++ model
recompiling to avoid crashing R session
Start sampling

SAMPLING FOR MODEL '0dfa0fb8b9e13cb814116bb81cf6594a' NOW (CHAIN 1).
Chain 1: 
Chain 1: Gradient evaluation took 0.000961 seconds
Chain 1: 1000 transitions using 10 leapfrog steps per transition would take 9.61 seconds.
Chain 1: Adjust your expectations accordingly!
Chain 1: 
Chain 1: 
Chain 1: Iteration:    1 / 2000 [  0%]  (Warmup)
Chain 1: Iteration:  200 / 2000 [ 10%]  (Warmup)
Chain 1: Iteration:  400 / 2000 [ 20%]  (Warmup)
Chain 1: Iteration:  600 / 2000 [ 30%]  (Warmup)
Chain 1: Iteration:  800 / 2000 [ 40%]  (Warmup)
Chain 1: Iteration: 1000 / 2000 [ 50%]  (Warmup)
Chain 1: Iteration: 1001 / 2000 [ 50%]  (Sampling)
Chain 1: Iteration: 1200 / 2000 [ 60%]  (Sampling)
Chain 1: Iteration: 1400 / 2000 [ 70%]  (Sampling)
Chain 1: Iteration: 1600 / 2000 [ 80%]  (Sampling)
Chain 1: Iteration: 1800 / 2000 [ 90%]  (Sampling)
Chain 1: Iteration: 2000 / 2000 [100%]  (Sampling)
Chain 1: 
Chain 1:  Elapsed Time: 51.0794 seconds (Warm-up)
Chain 1:                14.5698 seconds (Sampling)
Chain 1:                65.6492 seconds (Total)
Chain 1: 
Warning message:
Rows containing NAs were excluded from the model. 
Compiling the C++ model
recompiling to avoid crashing R session
Start sampling

SAMPLING FOR MODEL '0dfa0fb8b9e13cb814116bb81cf6594a' NOW (CHAIN 1).
Chain 1: 
Chain 1: Gradient evaluation took 0.00103 seconds
Chain 1: 1000 transitions using 10 leapfrog steps per transition would take 10.3 seconds.
Chain 1: Adjust your expectations accordingly!
Chain 1: 
Chain 1: 
Chain 1: Iteration:    1 / 2000 [  0%]  (Warmup)
Chain 1: Iteration:  200 / 2000 [ 10%]  (Warmup)
Chain 1: Iteration:  400 / 2000 [ 20%]  (Warmup)
Chain 1: Iteration:  600 / 2000 [ 30%]  (Warmup)
Chain 1: Iteration:  800 / 2000 [ 40%]  (Warmup)
Chain 1: Iteration: 1000 / 2000 [ 50%]  (Warmup)
Chain 1: Iteration: 1001 / 2000 [ 50%]  (Sampling)
Chain 1: Iteration: 1200 / 2000 [ 60%]  (Sampling)
Chain 1: Iteration: 1400 / 2000 [ 70%]  (Sampling)
Chain 1: Iteration: 1600 / 2000 [ 80%]  (Sampling)
Chain 1: Iteration: 1800 / 2000 [ 90%]  (Sampling)
Chain 1: Iteration: 2000 / 2000 [100%]  (Sampling)
Chain 1: 
Chain 1:  Elapsed Time: 56.0835 seconds (Warm-up)
Chain 1:                28.0876 seconds (Sampling)
Chain 1:                84.171 seconds (Total)
Chain 1: 
Warning message:
Rows containing NAs were excluded from the model. 
Compiling the C++ model
recompiling to avoid crashing R session
Start sampling

SAMPLING FOR MODEL '0dfa0fb8b9e13cb814116bb81cf6594a' NOW (CHAIN 1).
Chain 1: 
Chain 1: Gradient evaluation took 0.001145 seconds
Chain 1: 1000 transitions using 10 leapfrog steps per transition would take 11.45 seconds.
Chain 1: Adjust your expectations accordingly!
Chain 1: 
Chain 1: 
Chain 1: Iteration:    1 / 2000 [  0%]  (Warmup)
Chain 1: Iteration:  200 / 2000 [ 10%]  (Warmup)
Chain 1: Iteration:  400 / 2000 [ 20%]  (Warmup)
Chain 1: Iteration:  600 / 2000 [ 30%]  (Warmup)
Chain 1: Iteration:  800 / 2000 [ 40%]  (Warmup)
Chain 1: Iteration: 1000 / 2000 [ 50%]  (Warmup)
Chain 1: Iteration: 1001 / 2000 [ 50%]  (Sampling)
Chain 1: Iteration: 1200 / 2000 [ 60%]  (Sampling)
Chain 1: Iteration: 1400 / 2000 [ 70%]  (Sampling)
Chain 1: Iteration: 1600 / 2000 [ 80%]  (Sampling)
Chain 1: Iteration: 1800 / 2000 [ 90%]  (Sampling)
Chain 1: Iteration: 2000 / 2000 [100%]  (Sampling)
Chain 1: 
Chain 1:  Elapsed Time: 72.7391 seconds (Warm-up)
Chain 1:                56.5146 seconds (Sampling)
Chain 1:                129.254 seconds (Total)
Chain 1: 
Warning message:
Rows containing NAs were excluded from the model. 
Compiling the C++ model
Start sampling

SAMPLING FOR MODEL 'b1cc37a5b51b24a770ebc54fa4243083' NOW (CHAIN 1).
Chain 1: 
Chain 1: Gradient evaluation took 0.001083 seconds
Chain 1: 1000 transitions using 10 leapfrog steps per transition would take 10.83 seconds.
Chain 1: Adjust your expectations accordingly!
Chain 1: 
Chain 1: 
Chain 1: Iteration:    1 / 2000 [  0%]  (Warmup)
Chain 1: Iteration:  200 / 2000 [ 10%]  (Warmup)
Chain 1: Iteration:  400 / 2000 [ 20%]  (Warmup)
Chain 1: Iteration:  600 / 2000 [ 30%]  (Warmup)
Chain 1: Iteration:  800 / 2000 [ 40%]  (Warmup)
Chain 1: Iteration: 1000 / 2000 [ 50%]  (Warmup)
Chain 1: Iteration: 1001 / 2000 [ 50%]  (Sampling)
Chain 1: Iteration: 1200 / 2000 [ 60%]  (Sampling)
Chain 1: Iteration: 1400 / 2000 [ 70%]  (Sampling)
Chain 1: Iteration: 1600 / 2000 [ 80%]  (Sampling)
Chain 1: Iteration: 1800 / 2000 [ 90%]  (Sampling)
Chain 1: Iteration: 2000 / 2000 [100%]  (Sampling)
Chain 1: 
Chain 1:  Elapsed Time: 46.682 seconds (Warm-up)
Chain 1:                13.8693 seconds (Sampling)
Chain 1:                60.5514 seconds (Total)
Chain 1: 
Warning message:
Rows containing NAs were excluded from the model. 
Compiling the C++ model
recompiling to avoid crashing R session
Start sampling

SAMPLING FOR MODEL 'b1cc37a5b51b24a770ebc54fa4243083' NOW (CHAIN 1).
Chain 1: 
Chain 1: Gradient evaluation took 0.001104 seconds
Chain 1: 1000 transitions using 10 leapfrog steps per transition would take 11.04 seconds.
Chain 1: Adjust your expectations accordingly!
Chain 1: 
Chain 1: 
Chain 1: Iteration:    1 / 2000 [  0%]  (Warmup)
Chain 1: Iteration:  200 / 2000 [ 10%]  (Warmup)
Chain 1: Iteration:  400 / 2000 [ 20%]  (Warmup)
Chain 1: Iteration:  600 / 2000 [ 30%]  (Warmup)
Chain 1: Iteration:  800 / 2000 [ 40%]  (Warmup)
Chain 1: Iteration: 1000 / 2000 [ 50%]  (Warmup)
Chain 1: Iteration: 1001 / 2000 [ 50%]  (Sampling)
Chain 1: Iteration: 1200 / 2000 [ 60%]  (Sampling)
Chain 1: Iteration: 1400 / 2000 [ 70%]  (Sampling)
Chain 1: Iteration: 1600 / 2000 [ 80%]  (Sampling)
Chain 1: Iteration: 1800 / 2000 [ 90%]  (Sampling)
Chain 1: Iteration: 2000 / 2000 [100%]  (Sampling)
Chain 1: 
Chain 1:  Elapsed Time: 65.9878 seconds (Warm-up)
Chain 1:                15.2491 seconds (Sampling)
Chain 1:                81.2369 seconds (Total)
Chain 1: 
Warning message:
Rows containing NAs were excluded from the model. 
Compiling the C++ model
recompiling to avoid crashing R session
Start sampling

SAMPLING FOR MODEL 'b1cc37a5b51b24a770ebc54fa4243083' NOW (CHAIN 1).
Chain 1: 
Chain 1: Gradient evaluation took 0.001156 seconds
Chain 1: 1000 transitions using 10 leapfrog steps per transition would take 11.56 seconds.
Chain 1: Adjust your expectations accordingly!
Chain 1: 
Chain 1: 
Chain 1: Iteration:    1 / 2000 [  0%]  (Warmup)
Chain 1: Iteration:  200 / 2000 [ 10%]  (Warmup)
Chain 1: Iteration:  400 / 2000 [ 20%]  (Warmup)
Chain 1: Iteration:  600 / 2000 [ 30%]  (Warmup)
Chain 1: Iteration:  800 / 2000 [ 40%]  (Warmup)
Chain 1: Iteration: 1000 / 2000 [ 50%]  (Warmup)
Chain 1: Iteration: 1001 / 2000 [ 50%]  (Sampling)
Chain 1: Iteration: 1200 / 2000 [ 60%]  (Sampling)
Chain 1: Iteration: 1400 / 2000 [ 70%]  (Sampling)
Chain 1: Iteration: 1600 / 2000 [ 80%]  (Sampling)
Chain 1: Iteration: 1800 / 2000 [ 90%]  (Sampling)
Chain 1: Iteration: 2000 / 2000 [100%]  (Sampling)
Chain 1: 
Chain 1:  Elapsed Time: 55.4652 seconds (Warm-up)
Chain 1:                28.7147 seconds (Sampling)
Chain 1:                84.1798 seconds (Total)
Chain 1: 
Warning message:
Rows containing NAs were excluded from the model. 
Compiling the C++ model
recompiling to avoid crashing R session
Start sampling

SAMPLING FOR MODEL 'b1cc37a5b51b24a770ebc54fa4243083' NOW (CHAIN 1).
Chain 1: 
Chain 1: Gradient evaluation took 0.001329 seconds
Chain 1: 1000 transitions using 10 leapfrog steps per transition would take 13.29 seconds.
Chain 1: Adjust your expectations accordingly!
Chain 1: 
Chain 1: 
Chain 1: Iteration:    1 / 2000 [  0%]  (Warmup)
Chain 1: Iteration:  200 / 2000 [ 10%]  (Warmup)
Chain 1: Iteration:  400 / 2000 [ 20%]  (Warmup)
Chain 1: Iteration:  600 / 2000 [ 30%]  (Warmup)
Chain 1: Iteration:  800 / 2000 [ 40%]  (Warmup)
Chain 1: Iteration: 1000 / 2000 [ 50%]  (Warmup)
Chain 1: Iteration: 1001 / 2000 [ 50%]  (Sampling)
Chain 1: Iteration: 1200 / 2000 [ 60%]  (Sampling)
Chain 1: Iteration: 1400 / 2000 [ 70%]  (Sampling)
Chain 1: Iteration: 1600 / 2000 [ 80%]  (Sampling)
Chain 1: Iteration: 1800 / 2000 [ 90%]  (Sampling)
Chain 1: Iteration: 2000 / 2000 [100%]  (Sampling)
Chain 1: 
Chain 1:  Elapsed Time: 75.9871 seconds (Warm-up)
Chain 1:                57.133 seconds (Sampling)
Chain 1:                133.12 seconds (Total)
Chain 1: 
Warning message:
Rows containing NAs were excluded from the model. 
Compiling the C++ model
recompiling to avoid crashing R session
Start sampling

SAMPLING FOR MODEL 'b1cc37a5b51b24a770ebc54fa4243083' NOW (CHAIN 1).
Chain 1: 
Chain 1: Gradient evaluation took 0.000892 seconds
Chain 1: 1000 transitions using 10 leapfrog steps per transition would take 8.92 seconds.
Chain 1: Adjust your expectations accordingly!
Chain 1: 
Chain 1: 
Chain 1: Iteration:    1 / 2000 [  0%]  (Warmup)
Chain 1: Iteration:  200 / 2000 [ 10%]  (Warmup)
Chain 1: Iteration:  400 / 2000 [ 20%]  (Warmup)
Chain 1: Iteration:  600 / 2000 [ 30%]  (Warmup)
Chain 1: Iteration:  800 / 2000 [ 40%]  (Warmup)
Chain 1: Iteration: 1000 / 2000 [ 50%]  (Warmup)
Chain 1: Iteration: 1001 / 2000 [ 50%]  (Sampling)
Chain 1: Iteration: 1200 / 2000 [ 60%]  (Sampling)
Chain 1: Iteration: 1400 / 2000 [ 70%]  (Sampling)
Chain 1: Iteration: 1600 / 2000 [ 80%]  (Sampling)
Chain 1: Iteration: 1800 / 2000 [ 90%]  (Sampling)
Chain 1: Iteration: 2000 / 2000 [100%]  (Sampling)
Chain 1: 
Chain 1:  Elapsed Time: 126.885 seconds (Warm-up)
Chain 1:                122.022 seconds (Sampling)
Chain 1:                248.907 seconds (Total)
Chain 1: 
Warning message:
Rows containing NAs were excluded from the model. 
Compiling the C++ model
recompiling to avoid crashing R session
Start sampling

SAMPLING FOR MODEL 'b1cc37a5b51b24a770ebc54fa4243083' NOW (CHAIN 1).
Chain 1: 
Chain 1: Gradient evaluation took 0.000882 seconds
Chain 1: 1000 transitions using 10 leapfrog steps per transition would take 8.82 seconds.
Chain 1: Adjust your expectations accordingly!
Chain 1: 
Chain 1: 
Chain 1: Iteration:    1 / 2000 [  0%]  (Warmup)
Chain 1: Iteration:  200 / 2000 [ 10%]  (Warmup)
Chain 1: Iteration:  400 / 2000 [ 20%]  (Warmup)
Chain 1: Iteration:  600 / 2000 [ 30%]  (Warmup)
Chain 1: Iteration:  800 / 2000 [ 40%]  (Warmup)
Chain 1: Iteration: 1000 / 2000 [ 50%]  (Warmup)
Chain 1: Iteration: 1001 / 2000 [ 50%]  (Sampling)
Chain 1: Iteration: 1200 / 2000 [ 60%]  (Sampling)
Chain 1: Iteration: 1400 / 2000 [ 70%]  (Sampling)
Chain 1: Iteration: 1600 / 2000 [ 80%]  (Sampling)
Chain 1: Iteration: 1800 / 2000 [ 90%]  (Sampling)
Chain 1: Iteration: 2000 / 2000 [100%]  (Sampling)
Chain 1: 
Chain 1:  Elapsed Time: 125.616 seconds (Warm-up)
Chain 1:                56.1124 seconds (Sampling)
Chain 1:                181.728 seconds (Total)
Chain 1: 
Warning message:
Rows containing NAs were excluded from the model. 
Compiling the C++ model
recompiling to avoid crashing R session
Start sampling

SAMPLING FOR MODEL 'b1cc37a5b51b24a770ebc54fa4243083' NOW (CHAIN 1).
Chain 1: 
Chain 1: Gradient evaluation took 0.000935 seconds
Chain 1: 1000 transitions using 10 leapfrog steps per transition would take 9.35 seconds.
Chain 1: Adjust your expectations accordingly!
Chain 1: 
Chain 1: 
Chain 1: Iteration:    1 / 2000 [  0%]  (Warmup)
Chain 1: Iteration:  200 / 2000 [ 10%]  (Warmup)
Chain 1: Iteration:  400 / 2000 [ 20%]  (Warmup)
Chain 1: Iteration:  600 / 2000 [ 30%]  (Warmup)
Chain 1: Iteration:  800 / 2000 [ 40%]  (Warmup)
Chain 1: Iteration: 1000 / 2000 [ 50%]  (Warmup)
Chain 1: Iteration: 1001 / 2000 [ 50%]  (Sampling)
Chain 1: Iteration: 1200 / 2000 [ 60%]  (Sampling)
Chain 1: Iteration: 1400 / 2000 [ 70%]  (Sampling)
Chain 1: Iteration: 1600 / 2000 [ 80%]  (Sampling)
Chain 1: Iteration: 1800 / 2000 [ 90%]  (Sampling)
Chain 1: Iteration: 2000 / 2000 [100%]  (Sampling)
Chain 1: 
Chain 1:  Elapsed Time: 132.458 seconds (Warm-up)
Chain 1:                56.8927 seconds (Sampling)
Chain 1:                189.351 seconds (Total)
Chain 1: 
Warning message:
Rows containing NAs were excluded from the model. 
Compiling the C++ model
recompiling to avoid crashing R session
Start sampling

SAMPLING FOR MODEL 'b1cc37a5b51b24a770ebc54fa4243083' NOW (CHAIN 1).
Chain 1: 
Chain 1: Gradient evaluation took 0.001166 seconds
Chain 1: 1000 transitions using 10 leapfrog steps per transition would take 11.66 seconds.
Chain 1: Adjust your expectations accordingly!
Chain 1: 
Chain 1: 
Chain 1: Iteration:    1 / 2000 [  0%]  (Warmup)
Chain 1: Iteration:  200 / 2000 [ 10%]  (Warmup)
Chain 1: Iteration:  400 / 2000 [ 20%]  (Warmup)
Chain 1: Iteration:  600 / 2000 [ 30%]  (Warmup)
Chain 1: Iteration:  800 / 2000 [ 40%]  (Warmup)
Chain 1: Iteration: 1000 / 2000 [ 50%]  (Warmup)
Chain 1: Iteration: 1001 / 2000 [ 50%]  (Sampling)
Chain 1: Iteration: 1200 / 2000 [ 60%]  (Sampling)
Chain 1: Iteration: 1400 / 2000 [ 70%]  (Sampling)
Chain 1: Iteration: 1600 / 2000 [ 80%]  (Sampling)
Chain 1: Iteration: 1800 / 2000 [ 90%]  (Sampling)
Chain 1: Iteration: 2000 / 2000 [100%]  (Sampling)
Chain 1: 
Chain 1:  Elapsed Time: 135.766 seconds (Warm-up)
Chain 1:                56.1956 seconds (Sampling)
Chain 1:                191.961 seconds (Total)
Chain 1: 
Warning message:
Rows containing NAs were excluded from the model. 
Compiling the C++ model
recompiling to avoid crashing R session
Start sampling

SAMPLING FOR MODEL 'b1cc37a5b51b24a770ebc54fa4243083' NOW (CHAIN 1).
Chain 1: 
Chain 1: Gradient evaluation took 0.001324 seconds
Chain 1: 1000 transitions using 10 leapfrog steps per transition would take 13.24 seconds.
Chain 1: Adjust your expectations accordingly!
Chain 1: 
Chain 1: 
Chain 1: Iteration:    1 / 2000 [  0%]  (Warmup)
Chain 1: Iteration:  200 / 2000 [ 10%]  (Warmup)
Chain 1: Iteration:  400 / 2000 [ 20%]  (Warmup)
Chain 1: Iteration:  600 / 2000 [ 30%]  (Warmup)
Chain 1: Iteration:  800 / 2000 [ 40%]  (Warmup)
Chain 1: Iteration: 1000 / 2000 [ 50%]  (Warmup)
Chain 1: Iteration: 1001 / 2000 [ 50%]  (Sampling)
Chain 1: Iteration: 1200 / 2000 [ 60%]  (Sampling)
Chain 1: Iteration: 1400 / 2000 [ 70%]  (Sampling)
Chain 1: Iteration: 1600 / 2000 [ 80%]  (Sampling)
Chain 1: Iteration: 1800 / 2000 [ 90%]  (Sampling)
Chain 1: Iteration: 2000 / 2000 [100%]  (Sampling)
Chain 1: 
Chain 1:  Elapsed Time: 137.129 seconds (Warm-up)
Chain 1:                60.4895 seconds (Sampling)
Chain 1:                197.619 seconds (Total)
Chain 1: 
Warning message:
Rows containing NAs were excluded from the model. 
Compiling the C++ model
recompiling to avoid crashing R session
Start sampling

SAMPLING FOR MODEL 'b1cc37a5b51b24a770ebc54fa4243083' NOW (CHAIN 1).
Chain 1: 
Chain 1: Gradient evaluation took 0.001524 seconds
Chain 1: 1000 transitions using 10 leapfrog steps per transition would take 15.24 seconds.
Chain 1: Adjust your expectations accordingly!
Chain 1: 
Chain 1: 
Chain 1: Iteration:    1 / 2000 [  0%]  (Warmup)
Chain 1: Iteration:  200 / 2000 [ 10%]  (Warmup)
Chain 1: Iteration:  400 / 2000 [ 20%]  (Warmup)
Chain 1: Iteration:  600 / 2000 [ 30%]  (Warmup)
Chain 1: Iteration:  800 / 2000 [ 40%]  (Warmup)
Chain 1: Iteration: 1000 / 2000 [ 50%]  (Warmup)
Chain 1: Iteration: 1001 / 2000 [ 50%]  (Sampling)
Chain 1: Iteration: 1200 / 2000 [ 60%]  (Sampling)
Chain 1: Iteration: 1400 / 2000 [ 70%]  (Sampling)
Chain 1: Iteration: 1600 / 2000 [ 80%]  (Sampling)
Chain 1: Iteration: 1800 / 2000 [ 90%]  (Sampling)
Chain 1: Iteration: 2000 / 2000 [100%]  (Sampling)
Chain 1: 
Chain 1:  Elapsed Time: 135.14 seconds (Warm-up)
Chain 1:                58.2212 seconds (Sampling)
Chain 1:                193.361 seconds (Total)
Chain 1: 
Warning message:
Rows containing NAs were excluded from the model. 
